{"C:\\Users\\ASUS\\Desktop\\Dewhara CSSE\\CSSE\\CSSE\\backend\\server.js": {"path":"C:\\Users\\ASUS\\Desktop\\Dewhara CSSE\\CSSE\\CSSE\\backend\\server.js","statementMap":{"0":{"start":{"line":18,"column":0},"end":{"line":18,"column":16}},"1":{"start":{"line":21,"column":0},"end":{"line":21,"column":12}},"2":{"start":{"line":23,"column":12},"end":{"line":23,"column":21}},"3":{"start":{"line":26,"column":0},"end":{"line":26,"column":16}},"4":{"start":{"line":27,"column":0},"end":{"line":27,"column":24}},"5":{"start":{"line":30,"column":0},"end":{"line":30,"column":33}},"6":{"start":{"line":31,"column":0},"end":{"line":31,"column":34}},"7":{"start":{"line":32,"column":0},"end":{"line":32,"column":36}},"8":{"start":{"line":33,"column":0},"end":{"line":33,"column":38}},"9":{"start":{"line":34,"column":0},"end":{"line":34,"column":40}},"10":{"start":{"line":35,"column":0},"end":{"line":35,"column":42}},"11":{"start":{"line":36,"column":0},"end":{"line":36,"column":43}},"12":{"start":{"line":37,"column":0},"end":{"line":37,"column":35}},"13":{"start":{"line":40,"column":0},"end":{"line":42,"column":3}},"14":{"start":{"line":41,"column":2},"end":{"line":41,"column":52}},"15":{"start":{"line":45,"column":0},"end":{"line":45,"column":22}},"16":{"start":{"line":48,"column":0},"end":{"line":53,"column":1}},"17":{"start":{"line":49,"column":15},"end":{"line":49,"column":39}},"18":{"start":{"line":50,"column":2},"end":{"line":52,"column":5}},"19":{"start":{"line":51,"column":24},"end":{"line":51,"column":106}},"20":{"start":{"line":60,"column":85},"end":{"line":60,"column":40026}},"21":{"start":{"line":60,"column":89},"end":{"line":60,"column":40015}}},"fnMap":{"0":{"name":"(anonymous_0)","decl":{"start":{"line":40,"column":13},"end":{"line":40,"column":14}},"loc":{"start":{"line":40,"column":27},"end":{"line":42,"column":1}},"line":40},"1":{"name":"(anonymous_1)","decl":{"start":{"line":50,"column":19},"end":{"line":50,"column":20}},"loc":{"start":{"line":50,"column":25},"end":{"line":52,"column":3}},"line":50},"2":{"name":"oo_cm","decl":{"start":{"line":60,"column":77},"end":{"line":60,"column":82}},"loc":{"start":{"line":60,"column":84},"end":{"line":60,"column":40027}},"line":60}},"branchMap":{"0":{"loc":{"start":{"line":48,"column":0},"end":{"line":53,"column":1}},"type":"if","locations":[{"start":{"line":48,"column":0},"end":{"line":53,"column":1}},{"start":{},"end":{}}],"line":48},"1":{"loc":{"start":{"line":49,"column":15},"end":{"line":49,"column":39}},"type":"binary-expr","locations":[{"start":{"line":49,"column":15},"end":{"line":49,"column":31}},{"start":{"line":49,"column":35},"end":{"line":49,"column":39}}],"line":49},"2":{"loc":{"start":{"line":60,"column":96},"end":{"line":60,"column":40014}},"type":"binary-expr","locations":[{"start":{"line":60,"column":96},"end":{"line":60,"column":133}},{"start":{"line":60,"column":137},"end":{"line":60,"column":40014}}],"line":60}},"s":{"0":3,"1":3,"2":3,"3":3,"4":3,"5":3,"6":3,"7":3,"8":3,"9":3,"10":3,"11":3,"12":3,"13":3,"14":0,"15":3,"16":3,"17":0,"18":0,"19":0,"20":0,"21":0},"f":{"0":0,"1":0,"2":0},"b":{"0":[0,3],"1":[0,0],"2":[0,0]},"_coverageSchema":"1a1c01bbd47fc00a2c39e90264f33305004495a9","hash":"cb2493f691ad4483d1d2b030a75eaa2f112601d3"}
,"C:\\Users\\ASUS\\Desktop\\Dewhara CSSE\\CSSE\\CSSE\\backend\\config\\db.js": {"path":"C:\\Users\\ASUS\\Desktop\\Dewhara CSSE\\CSSE\\CSSE\\backend\\config\\db.js","statementMap":{"0":{"start":{"line":3,"column":18},"end":{"line":11,"column":1}},"1":{"start":{"line":4,"column":2},"end":{"line":10,"column":3}},"2":{"start":{"line":5,"column":17},"end":{"line":5,"column":53}},"3":{"start":{"line":6,"column":24},"end":{"line":6,"column":115}},"4":{"start":{"line":8,"column":24},"end":{"line":8,"column":99}},"5":{"start":{"line":9,"column":4},"end":{"line":9,"column":20}},"6":{"start":{"line":20,"column":85},"end":{"line":20,"column":40026}},"7":{"start":{"line":20,"column":89},"end":{"line":20,"column":40015}}},"fnMap":{"0":{"name":"(anonymous_0)","decl":{"start":{"line":3,"column":18},"end":{"line":3,"column":19}},"loc":{"start":{"line":3,"column":30},"end":{"line":11,"column":1}},"line":3},"1":{"name":"oo_cm","decl":{"start":{"line":20,"column":77},"end":{"line":20,"column":82}},"loc":{"start":{"line":20,"column":84},"end":{"line":20,"column":40027}},"line":20}},"branchMap":{"0":{"loc":{"start":{"line":20,"column":96},"end":{"line":20,"column":40014}},"type":"binary-expr","locations":[{"start":{"line":20,"column":96},"end":{"line":20,"column":133}},{"start":{"line":20,"column":137},"end":{"line":20,"column":40014}}],"line":20}},"s":{"0":3,"1":3,"2":3,"3":0,"4":0,"5":0,"6":0,"7":0},"f":{"0":3,"1":0},"b":{"0":[0,0]},"_coverageSchema":"1a1c01bbd47fc00a2c39e90264f33305004495a9","hash":"e0b4a2715681e0877bea3b1b9c83befc2e0c4c7c"}
,"C:\\Users\\ASUS\\Desktop\\Dewhara CSSE\\CSSE\\CSSE\\backend\\controllers\\adminController.js": {"path":"C:\\Users\\ASUS\\Desktop\\Dewhara CSSE\\CSSE\\CSSE\\backend\\controllers\\adminController.js","statementMap":{"0":{"start":{"line":11,"column":21},"end":{"line":46,"column":2}},"1":{"start":{"line":12,"column":36},"end":{"line":12,"column":44}},"2":{"start":{"line":15,"column":2},"end":{"line":18,"column":3}},"3":{"start":{"line":16,"column":4},"end":{"line":16,"column":20}},"4":{"start":{"line":17,"column":4},"end":{"line":17,"column":49}},"5":{"start":{"line":21,"column":21},"end":{"line":21,"column":50}},"6":{"start":{"line":22,"column":2},"end":{"line":25,"column":3}},"7":{"start":{"line":23,"column":4},"end":{"line":23,"column":20}},"8":{"start":{"line":24,"column":4},"end":{"line":24,"column":48}},"9":{"start":{"line":28,"column":20},"end":{"line":33,"column":4}},"10":{"start":{"line":35,"column":2},"end":{"line":45,"column":3}},"11":{"start":{"line":36,"column":4},"end":{"line":41,"column":7}},"12":{"start":{"line":43,"column":4},"end":{"line":43,"column":20}},"13":{"start":{"line":44,"column":4},"end":{"line":44,"column":46}},"14":{"start":{"line":51,"column":20},"end":{"line":54,"column":2}},"15":{"start":{"line":52,"column":16},"end":{"line":52,"column":35}},"16":{"start":{"line":53,"column":2},"end":{"line":53,"column":30}},"17":{"start":{"line":57,"column":21},"end":{"line":112,"column":2}},"18":{"start":{"line":58,"column":25},"end":{"line":69,"column":4}},"19":{"start":{"line":71,"column":26},"end":{"line":87,"column":4}},"20":{"start":{"line":89,"column":27},"end":{"line":105,"column":4}},"21":{"start":{"line":107,"column":2},"end":{"line":111,"column":5}},"22":{"start":{"line":109,"column":51},"end":{"line":109,"column":61}},"23":{"start":{"line":110,"column":53},"end":{"line":110,"column":63}},"24":{"start":{"line":118,"column":24},"end":{"line":141,"column":2}},"25":{"start":{"line":119,"column":17},"end":{"line":119,"column":27}},"26":{"start":{"line":120,"column":32},"end":{"line":120,"column":40}},"27":{"start":{"line":122,"column":20},"end":{"line":122,"column":43}},"28":{"start":{"line":124,"column":2},"end":{"line":127,"column":3}},"29":{"start":{"line":125,"column":4},"end":{"line":125,"column":20}},"30":{"start":{"line":126,"column":4},"end":{"line":126,"column":43}},"31":{"start":{"line":129,"column":2},"end":{"line":129,"column":42}},"32":{"start":{"line":130,"column":2},"end":{"line":130,"column":45}},"33":{"start":{"line":131,"column":2},"end":{"line":131,"column":42}},"34":{"start":{"line":133,"column":27},"end":{"line":133,"column":49}},"35":{"start":{"line":135,"column":2},"end":{"line":140,"column":5}}},"fnMap":{"0":{"name":"(anonymous_0)","decl":{"start":{"line":11,"column":34},"end":{"line":11,"column":35}},"loc":{"start":{"line":11,"column":54},"end":{"line":46,"column":1}},"line":11},"1":{"name":"(anonymous_1)","decl":{"start":{"line":51,"column":33},"end":{"line":51,"column":34}},"loc":{"start":{"line":51,"column":53},"end":{"line":54,"column":1}},"line":51},"2":{"name":"(anonymous_2)","decl":{"start":{"line":57,"column":34},"end":{"line":57,"column":35}},"loc":{"start":{"line":57,"column":54},"end":{"line":112,"column":1}},"line":57},"3":{"name":"(anonymous_3)","decl":{"start":{"line":109,"column":41},"end":{"line":109,"column":42}},"loc":{"start":{"line":109,"column":51},"end":{"line":109,"column":61}},"line":109},"4":{"name":"(anonymous_4)","decl":{"start":{"line":110,"column":43},"end":{"line":110,"column":44}},"loc":{"start":{"line":110,"column":53},"end":{"line":110,"column":63}},"line":110},"5":{"name":"(anonymous_5)","decl":{"start":{"line":118,"column":37},"end":{"line":118,"column":38}},"loc":{"start":{"line":118,"column":57},"end":{"line":141,"column":1}},"line":118}},"branchMap":{"0":{"loc":{"start":{"line":15,"column":2},"end":{"line":18,"column":3}},"type":"if","locations":[{"start":{"line":15,"column":2},"end":{"line":18,"column":3}},{"start":{},"end":{}}],"line":15},"1":{"loc":{"start":{"line":15,"column":6},"end":{"line":15,"column":34}},"type":"binary-expr","locations":[{"start":{"line":15,"column":6},"end":{"line":15,"column":11}},{"start":{"line":15,"column":15},"end":{"line":15,"column":21}},{"start":{"line":15,"column":25},"end":{"line":15,"column":34}}],"line":15},"2":{"loc":{"start":{"line":22,"column":2},"end":{"line":25,"column":3}},"type":"if","locations":[{"start":{"line":22,"column":2},"end":{"line":25,"column":3}},{"start":{},"end":{}}],"line":22},"3":{"loc":{"start":{"line":35,"column":2},"end":{"line":45,"column":3}},"type":"if","locations":[{"start":{"line":35,"column":2},"end":{"line":45,"column":3}},{"start":{"line":42,"column":9},"end":{"line":45,"column":3}}],"line":35},"4":{"loc":{"start":{"line":108,"column":20},"end":{"line":108,"column":75}},"type":"cond-expr","locations":[{"start":{"line":108,"column":48},"end":{"line":108,"column":71}},{"start":{"line":108,"column":74},"end":{"line":108,"column":75}}],"line":108},"5":{"loc":{"start":{"line":124,"column":2},"end":{"line":127,"column":3}},"type":"if","locations":[{"start":{"line":124,"column":2},"end":{"line":127,"column":3}},{"start":{},"end":{}}],"line":124},"6":{"loc":{"start":{"line":129,"column":19},"end":{"line":129,"column":41}},"type":"binary-expr","locations":[{"start":{"line":129,"column":19},"end":{"line":129,"column":23}},{"start":{"line":129,"column":27},"end":{"line":129,"column":41}}],"line":129},"7":{"loc":{"start":{"line":130,"column":20},"end":{"line":130,"column":44}},"type":"binary-expr","locations":[{"start":{"line":130,"column":20},"end":{"line":130,"column":25}},{"start":{"line":130,"column":29},"end":{"line":130,"column":44}}],"line":130},"8":{"loc":{"start":{"line":131,"column":19},"end":{"line":131,"column":41}},"type":"binary-expr","locations":[{"start":{"line":131,"column":19},"end":{"line":131,"column":23}},{"start":{"line":131,"column":27},"end":{"line":131,"column":41}}],"line":131}},"s":{"0":3,"1":0,"2":0,"3":0,"4":0,"5":0,"6":0,"7":0,"8":0,"9":0,"10":0,"11":0,"12":0,"13":0,"14":3,"15":0,"16":0,"17":3,"18":0,"19":0,"20":0,"21":0,"22":0,"23":0,"24":3,"25":0,"26":0,"27":0,"28":0,"29":0,"30":0,"31":0,"32":0,"33":0,"34":0,"35":0},"f":{"0":0,"1":0,"2":0,"3":0,"4":0,"5":0},"b":{"0":[0,0],"1":[0,0,0],"2":[0,0],"3":[0,0],"4":[0,0],"5":[0,0],"6":[0,0],"7":[0,0],"8":[0,0]},"_coverageSchema":"1a1c01bbd47fc00a2c39e90264f33305004495a9","hash":"521132c098dd5b3e49a4a85b484b88d4fce1b6e1"}
,"C:\\Users\\ASUS\\Desktop\\Dewhara CSSE\\CSSE\\CSSE\\backend\\controllers\\authController.js": {"path":"C:\\Users\\ASUS\\Desktop\\Dewhara CSSE\\CSSE\\CSSE\\backend\\controllers\\authController.js","statementMap":{"0":{"start":{"line":7,"column":22},"end":{"line":9,"column":1}},"1":{"start":{"line":8,"column":2},"end":{"line":8,"column":72}},"2":{"start":{"line":12,"column":23},"end":{"line":20,"column":1}},"3":{"start":{"line":13,"column":2},"end":{"line":19,"column":3}},"4":{"start":{"line":14,"column":26},"end":{"line":14,"column":66}},"5":{"start":{"line":15,"column":4},"end":{"line":15,"column":25}},"6":{"start":{"line":17,"column":4},"end":{"line":17,"column":52}},"7":{"start":{"line":18,"column":4},"end":{"line":18,"column":50}},"8":{"start":{"line":25,"column":21},"end":{"line":65,"column":2}},"9":{"start":{"line":26,"column":42},"end":{"line":26,"column":50}},"10":{"start":{"line":29,"column":2},"end":{"line":32,"column":3}},"11":{"start":{"line":30,"column":4},"end":{"line":30,"column":20}},"12":{"start":{"line":31,"column":4},"end":{"line":31,"column":49}},"13":{"start":{"line":35,"column":21},"end":{"line":35,"column":50}},"14":{"start":{"line":36,"column":2},"end":{"line":39,"column":3}},"15":{"start":{"line":37,"column":4},"end":{"line":37,"column":20}},"16":{"start":{"line":38,"column":4},"end":{"line":38,"column":43}},"17":{"start":{"line":42,"column":15},"end":{"line":47,"column":4}},"18":{"start":{"line":50,"column":20},"end":{"line":50,"column":50}},"19":{"start":{"line":52,"column":2},"end":{"line":64,"column":3}},"20":{"start":{"line":53,"column":4},"end":{"line":60,"column":7}},"21":{"start":{"line":62,"column":4},"end":{"line":62,"column":20}},"22":{"start":{"line":63,"column":4},"end":{"line":63,"column":41}},"23":{"start":{"line":70,"column":18},"end":{"line":94,"column":2}},"24":{"start":{"line":71,"column":30},"end":{"line":71,"column":38}},"25":{"start":{"line":74,"column":2},"end":{"line":77,"column":3}},"26":{"start":{"line":75,"column":4},"end":{"line":75,"column":20}},"27":{"start":{"line":76,"column":4},"end":{"line":76,"column":49}},"28":{"start":{"line":80,"column":15},"end":{"line":80,"column":64}},"29":{"start":{"line":82,"column":2},"end":{"line":93,"column":3}},"30":{"start":{"line":83,"column":4},"end":{"line":89,"column":7}},"31":{"start":{"line":91,"column":4},"end":{"line":91,"column":20}},"32":{"start":{"line":92,"column":4},"end":{"line":92,"column":43}}},"fnMap":{"0":{"name":"(anonymous_0)","decl":{"start":{"line":7,"column":22},"end":{"line":7,"column":23}},"loc":{"start":{"line":7,"column":30},"end":{"line":9,"column":1}},"line":7},"1":{"name":"(anonymous_1)","decl":{"start":{"line":12,"column":23},"end":{"line":12,"column":24}},"loc":{"start":{"line":12,"column":41},"end":{"line":20,"column":1}},"line":12},"2":{"name":"(anonymous_2)","decl":{"start":{"line":25,"column":34},"end":{"line":25,"column":35}},"loc":{"start":{"line":25,"column":54},"end":{"line":65,"column":1}},"line":25},"3":{"name":"(anonymous_3)","decl":{"start":{"line":70,"column":31},"end":{"line":70,"column":32}},"loc":{"start":{"line":70,"column":51},"end":{"line":94,"column":1}},"line":70}},"branchMap":{"0":{"loc":{"start":{"line":29,"column":2},"end":{"line":32,"column":3}},"type":"if","locations":[{"start":{"line":29,"column":2},"end":{"line":32,"column":3}},{"start":{},"end":{}}],"line":29},"1":{"loc":{"start":{"line":29,"column":6},"end":{"line":29,"column":34}},"type":"binary-expr","locations":[{"start":{"line":29,"column":6},"end":{"line":29,"column":11}},{"start":{"line":29,"column":15},"end":{"line":29,"column":21}},{"start":{"line":29,"column":25},"end":{"line":29,"column":34}}],"line":29},"2":{"loc":{"start":{"line":36,"column":2},"end":{"line":39,"column":3}},"type":"if","locations":[{"start":{"line":36,"column":2},"end":{"line":39,"column":3}},{"start":{},"end":{}}],"line":36},"3":{"loc":{"start":{"line":52,"column":2},"end":{"line":64,"column":3}},"type":"if","locations":[{"start":{"line":52,"column":2},"end":{"line":64,"column":3}},{"start":{"line":61,"column":9},"end":{"line":64,"column":3}}],"line":52},"4":{"loc":{"start":{"line":74,"column":2},"end":{"line":77,"column":3}},"type":"if","locations":[{"start":{"line":74,"column":2},"end":{"line":77,"column":3}},{"start":{},"end":{}}],"line":74},"5":{"loc":{"start":{"line":74,"column":6},"end":{"line":74,"column":25}},"type":"binary-expr","locations":[{"start":{"line":74,"column":6},"end":{"line":74,"column":12}},{"start":{"line":74,"column":16},"end":{"line":74,"column":25}}],"line":74},"6":{"loc":{"start":{"line":82,"column":2},"end":{"line":93,"column":3}},"type":"if","locations":[{"start":{"line":82,"column":2},"end":{"line":93,"column":3}},{"start":{"line":90,"column":9},"end":{"line":93,"column":3}}],"line":82},"7":{"loc":{"start":{"line":82,"column":6},"end":{"line":82,"column":50}},"type":"binary-expr","locations":[{"start":{"line":82,"column":6},"end":{"line":82,"column":10}},{"start":{"line":82,"column":15},"end":{"line":82,"column":49}}],"line":82}},"s":{"0":3,"1":0,"2":3,"3":0,"4":0,"5":0,"6":0,"7":0,"8":3,"9":0,"10":0,"11":0,"12":0,"13":0,"14":0,"15":0,"16":0,"17":0,"18":0,"19":0,"20":0,"21":0,"22":0,"23":3,"24":0,"25":0,"26":0,"27":0,"28":0,"29":0,"30":0,"31":0,"32":0},"f":{"0":0,"1":0,"2":0,"3":0},"b":{"0":[0,0],"1":[0,0,0],"2":[0,0],"3":[0,0],"4":[0,0],"5":[0,0],"6":[0,0],"7":[0,0]},"_coverageSchema":"1a1c01bbd47fc00a2c39e90264f33305004495a9","hash":"9f4e1d7cb417578e987820ca72f103a128443ec3"}
,"C:\\Users\\ASUS\\Desktop\\Dewhara CSSE\\CSSE\\CSSE\\backend\\controllers\\paymentController.js": {"path":"C:\\Users\\ASUS\\Desktop\\Dewhara CSSE\\CSSE\\CSSE\\backend\\controllers\\paymentController.js","statementMap":{"0":{"start":{"line":8,"column":22},"end":{"line":23,"column":2}},"1":{"start":{"line":9,"column":36},"end":{"line":9,"column":44}},"2":{"start":{"line":11,"column":2},"end":{"line":14,"column":3}},"3":{"start":{"line":12,"column":4},"end":{"line":12,"column":20}},"4":{"start":{"line":13,"column":4},"end":{"line":13,"column":58}},"5":{"start":{"line":16,"column":18},"end":{"line":20,"column":4}},"6":{"start":{"line":22,"column":2},"end":{"line":22,"column":32}},"7":{"start":{"line":28,"column":23},"end":{"line":38,"column":2}},"8":{"start":{"line":31,"column":2},"end":{"line":35,"column":3}},"9":{"start":{"line":32,"column":4},"end":{"line":32,"column":67}},"10":{"start":{"line":34,"column":4},"end":{"line":34,"column":88}},"11":{"start":{"line":37,"column":2},"end":{"line":37,"column":21}},"12":{"start":{"line":43,"column":23},"end":{"line":57,"column":2}},"13":{"start":{"line":44,"column":18},"end":{"line":44,"column":86}},"14":{"start":{"line":46,"column":2},"end":{"line":49,"column":3}},"15":{"start":{"line":47,"column":4},"end":{"line":47,"column":20}},"16":{"start":{"line":48,"column":4},"end":{"line":48,"column":41}},"17":{"start":{"line":51,"column":2},"end":{"line":54,"column":3}},"18":{"start":{"line":52,"column":4},"end":{"line":52,"column":20}},"19":{"start":{"line":53,"column":4},"end":{"line":53,"column":61}},"20":{"start":{"line":56,"column":2},"end":{"line":56,"column":20}},"21":{"start":{"line":62,"column":28},"end":{"line":82,"column":2}},"22":{"start":{"line":63,"column":2},"end":{"line":81,"column":3}},"23":{"start":{"line":64,"column":20},"end":{"line":64,"column":57}},"24":{"start":{"line":66,"column":4},"end":{"line":69,"column":5}},"25":{"start":{"line":67,"column":6},"end":{"line":67,"column":22}},"26":{"start":{"line":68,"column":6},"end":{"line":68,"column":43}},"27":{"start":{"line":72,"column":4},"end":{"line":72,"column":61}},"28":{"start":{"line":74,"column":4},"end":{"line":74,"column":55}},"29":{"start":{"line":75,"column":27},"end":{"line":75,"column":47}},"30":{"start":{"line":77,"column":4},"end":{"line":77,"column":29}},"31":{"start":{"line":79,"column":4},"end":{"line":79,"column":59}},"32":{"start":{"line":80,"column":4},"end":{"line":80,"column":95}},"33":{"start":{"line":88,"column":22},"end":{"line":106,"column":2}},"34":{"start":{"line":89,"column":2},"end":{"line":105,"column":3}},"35":{"start":{"line":90,"column":20},"end":{"line":90,"column":57}},"36":{"start":{"line":92,"column":4},"end":{"line":95,"column":5}},"37":{"start":{"line":93,"column":6},"end":{"line":93,"column":22}},"38":{"start":{"line":94,"column":6},"end":{"line":94,"column":43}},"39":{"start":{"line":98,"column":4},"end":{"line":98,"column":60}},"40":{"start":{"line":100,"column":4},"end":{"line":100,"column":30}},"41":{"start":{"line":101,"column":4},"end":{"line":101,"column":45}},"42":{"start":{"line":103,"column":4},"end":{"line":103,"column":52}},"43":{"start":{"line":104,"column":4},"end":{"line":104,"column":88}}},"fnMap":{"0":{"name":"(anonymous_0)","decl":{"start":{"line":8,"column":35},"end":{"line":8,"column":36}},"loc":{"start":{"line":8,"column":55},"end":{"line":23,"column":1}},"line":8},"1":{"name":"(anonymous_1)","decl":{"start":{"line":28,"column":36},"end":{"line":28,"column":37}},"loc":{"start":{"line":28,"column":56},"end":{"line":38,"column":1}},"line":28},"2":{"name":"(anonymous_2)","decl":{"start":{"line":43,"column":36},"end":{"line":43,"column":37}},"loc":{"start":{"line":43,"column":56},"end":{"line":57,"column":1}},"line":43},"3":{"name":"(anonymous_3)","decl":{"start":{"line":62,"column":41},"end":{"line":62,"column":42}},"loc":{"start":{"line":62,"column":61},"end":{"line":82,"column":1}},"line":62},"4":{"name":"(anonymous_4)","decl":{"start":{"line":88,"column":35},"end":{"line":88,"column":36}},"loc":{"start":{"line":88,"column":55},"end":{"line":106,"column":1}},"line":88}},"branchMap":{"0":{"loc":{"start":{"line":11,"column":2},"end":{"line":14,"column":3}},"type":"if","locations":[{"start":{"line":11,"column":2},"end":{"line":14,"column":3}},{"start":{},"end":{}}],"line":11},"1":{"loc":{"start":{"line":11,"column":6},"end":{"line":11,"column":31}},"type":"binary-expr","locations":[{"start":{"line":11,"column":6},"end":{"line":11,"column":13}},{"start":{"line":11,"column":17},"end":{"line":11,"column":31}}],"line":11},"2":{"loc":{"start":{"line":31,"column":2},"end":{"line":35,"column":3}},"type":"if","locations":[{"start":{"line":31,"column":2},"end":{"line":35,"column":3}},{"start":{"line":33,"column":9},"end":{"line":35,"column":3}}],"line":31},"3":{"loc":{"start":{"line":46,"column":2},"end":{"line":49,"column":3}},"type":"if","locations":[{"start":{"line":46,"column":2},"end":{"line":49,"column":3}},{"start":{},"end":{}}],"line":46},"4":{"loc":{"start":{"line":51,"column":2},"end":{"line":54,"column":3}},"type":"if","locations":[{"start":{"line":51,"column":2},"end":{"line":54,"column":3}},{"start":{},"end":{}}],"line":51},"5":{"loc":{"start":{"line":51,"column":6},"end":{"line":51,"column":78}},"type":"binary-expr","locations":[{"start":{"line":51,"column":6},"end":{"line":51,"column":31}},{"start":{"line":51,"column":35},"end":{"line":51,"column":78}}],"line":51},"6":{"loc":{"start":{"line":66,"column":4},"end":{"line":69,"column":5}},"type":"if","locations":[{"start":{"line":66,"column":4},"end":{"line":69,"column":5}},{"start":{},"end":{}}],"line":66},"7":{"loc":{"start":{"line":74,"column":21},"end":{"line":74,"column":54}},"type":"binary-expr","locations":[{"start":{"line":74,"column":21},"end":{"line":74,"column":36}},{"start":{"line":74,"column":40},"end":{"line":74,"column":54}}],"line":74},"8":{"loc":{"start":{"line":92,"column":4},"end":{"line":95,"column":5}},"type":"if","locations":[{"start":{"line":92,"column":4},"end":{"line":95,"column":5}},{"start":{},"end":{}}],"line":92}},"s":{"0":3,"1":0,"2":0,"3":0,"4":0,"5":0,"6":0,"7":3,"8":0,"9":0,"10":0,"11":0,"12":3,"13":0,"14":0,"15":0,"16":0,"17":0,"18":0,"19":0,"20":0,"21":3,"22":0,"23":0,"24":0,"25":0,"26":0,"27":0,"28":0,"29":0,"30":0,"31":0,"32":0,"33":3,"34":0,"35":0,"36":0,"37":0,"38":0,"39":0,"40":0,"41":0,"42":0,"43":0},"f":{"0":0,"1":0,"2":0,"3":0,"4":0},"b":{"0":[0,0],"1":[0,0],"2":[0,0],"3":[0,0],"4":[0,0],"5":[0,0],"6":[0,0],"7":[0,0],"8":[0,0]},"_coverageSchema":"1a1c01bbd47fc00a2c39e90264f33305004495a9","hash":"db266ea1be443ab79928594f23e55c612c6727c2"}
,"C:\\Users\\ASUS\\Desktop\\Dewhara CSSE\\CSSE\\CSSE\\backend\\controllers\\recyclingController.js": {"path":"C:\\Users\\ASUS\\Desktop\\Dewhara CSSE\\CSSE\\CSSE\\backend\\controllers\\recyclingController.js","statementMap":{"0":{"start":{"line":7,"column":28},"end":{"line":23,"column":2}},"1":{"start":{"line":8,"column":22},"end":{"line":8,"column":30}},"2":{"start":{"line":9,"column":15},"end":{"line":9,"column":49}},"3":{"start":{"line":11,"column":2},"end":{"line":14,"column":3}},"4":{"start":{"line":12,"column":4},"end":{"line":12,"column":20}},"5":{"start":{"line":13,"column":4},"end":{"line":13,"column":38}},"6":{"start":{"line":16,"column":2},"end":{"line":16,"column":35}},"7":{"start":{"line":17,"column":2},"end":{"line":17,"column":20}},"8":{"start":{"line":19,"column":2},"end":{"line":22,"column":5}},"9":{"start":{"line":28,"column":28},"end":{"line":37,"column":2}},"10":{"start":{"line":29,"column":15},"end":{"line":29,"column":48}},"11":{"start":{"line":31,"column":2},"end":{"line":34,"column":3}},"12":{"start":{"line":32,"column":4},"end":{"line":32,"column":20}},"13":{"start":{"line":33,"column":4},"end":{"line":33,"column":38}},"14":{"start":{"line":36,"column":2},"end":{"line":36,"column":56}}},"fnMap":{"0":{"name":"(anonymous_0)","decl":{"start":{"line":7,"column":41},"end":{"line":7,"column":42}},"loc":{"start":{"line":7,"column":61},"end":{"line":23,"column":1}},"line":7},"1":{"name":"(anonymous_1)","decl":{"start":{"line":28,"column":41},"end":{"line":28,"column":42}},"loc":{"start":{"line":28,"column":61},"end":{"line":37,"column":1}},"line":28}},"branchMap":{"0":{"loc":{"start":{"line":11,"column":2},"end":{"line":14,"column":3}},"type":"if","locations":[{"start":{"line":11,"column":2},"end":{"line":14,"column":3}},{"start":{},"end":{}}],"line":11},"1":{"loc":{"start":{"line":31,"column":2},"end":{"line":34,"column":3}},"type":"if","locations":[{"start":{"line":31,"column":2},"end":{"line":34,"column":3}},{"start":{},"end":{}}],"line":31}},"s":{"0":3,"1":0,"2":0,"3":0,"4":0,"5":0,"6":0,"7":0,"8":0,"9":3,"10":0,"11":0,"12":0,"13":0,"14":0},"f":{"0":0,"1":0},"b":{"0":[0,0],"1":[0,0]},"_coverageSchema":"1a1c01bbd47fc00a2c39e90264f33305004495a9","hash":"3ceea4cf5416dfa951e82dc5c99c6895425b0ed7"}
,"C:\\Users\\ASUS\\Desktop\\Dewhara CSSE\\CSSE\\CSSE\\backend\\controllers\\reportController.js": {"path":"C:\\Users\\ASUS\\Desktop\\Dewhara CSSE\\CSSE\\CSSE\\backend\\controllers\\reportController.js","statementMap":{"0":{"start":{"line":10,"column":26},"end":{"line":38,"column":2}},"1":{"start":{"line":11,"column":35},"end":{"line":11,"column":43}},"2":{"start":{"line":13,"column":2},"end":{"line":16,"column":3}},"3":{"start":{"line":14,"column":4},"end":{"line":14,"column":20}},"4":{"start":{"line":15,"column":4},"end":{"line":15,"column":58}},"5":{"start":{"line":19,"column":15},"end":{"line":19,"column":61}},"6":{"start":{"line":22,"column":17},"end":{"line":27,"column":4}},"7":{"start":{"line":30,"column":19},"end":{"line":30,"column":78}},"8":{"start":{"line":31,"column":2},"end":{"line":31,"column":36}},"9":{"start":{"line":33,"column":2},"end":{"line":37,"column":5}},"10":{"start":{"line":43,"column":22},"end":{"line":46,"column":2}},"11":{"start":{"line":44,"column":18},"end":{"line":44,"column":75}},"12":{"start":{"line":45,"column":2},"end":{"line":45,"column":20}},"13":{"start":{"line":51,"column":22},"end":{"line":65,"column":2}},"14":{"start":{"line":52,"column":17},"end":{"line":52,"column":91}},"15":{"start":{"line":54,"column":2},"end":{"line":57,"column":3}},"16":{"start":{"line":55,"column":4},"end":{"line":55,"column":20}},"17":{"start":{"line":56,"column":4},"end":{"line":56,"column":40}},"18":{"start":{"line":59,"column":2},"end":{"line":62,"column":3}},"19":{"start":{"line":60,"column":4},"end":{"line":60,"column":20}},"20":{"start":{"line":61,"column":4},"end":{"line":61,"column":60}},"21":{"start":{"line":64,"column":2},"end":{"line":64,"column":19}},"22":{"start":{"line":70,"column":21},"end":{"line":80,"column":2}},"23":{"start":{"line":71,"column":17},"end":{"line":71,"column":53}},"24":{"start":{"line":73,"column":2},"end":{"line":76,"column":3}},"25":{"start":{"line":74,"column":4},"end":{"line":74,"column":20}},"26":{"start":{"line":75,"column":4},"end":{"line":75,"column":40}},"27":{"start":{"line":78,"column":2},"end":{"line":78,"column":24}},"28":{"start":{"line":79,"column":2},"end":{"line":79,"column":42}},"29":{"start":{"line":85,"column":23},"end":{"line":99,"column":2}},"30":{"start":{"line":86,"column":17},"end":{"line":86,"column":53}},"31":{"start":{"line":88,"column":2},"end":{"line":91,"column":3}},"32":{"start":{"line":89,"column":4},"end":{"line":89,"column":20}},"33":{"start":{"line":90,"column":4},"end":{"line":90,"column":40}},"34":{"start":{"line":93,"column":19},"end":{"line":93,"column":34}},"35":{"start":{"line":94,"column":2},"end":{"line":98,"column":5}},"36":{"start":{"line":95,"column":4},"end":{"line":97,"column":5}},"37":{"start":{"line":96,"column":6},"end":{"line":96,"column":57}}},"fnMap":{"0":{"name":"(anonymous_0)","decl":{"start":{"line":10,"column":39},"end":{"line":10,"column":40}},"loc":{"start":{"line":10,"column":59},"end":{"line":38,"column":1}},"line":10},"1":{"name":"(anonymous_1)","decl":{"start":{"line":43,"column":35},"end":{"line":43,"column":36}},"loc":{"start":{"line":43,"column":55},"end":{"line":46,"column":1}},"line":43},"2":{"name":"(anonymous_2)","decl":{"start":{"line":51,"column":35},"end":{"line":51,"column":36}},"loc":{"start":{"line":51,"column":55},"end":{"line":65,"column":1}},"line":51},"3":{"name":"(anonymous_3)","decl":{"start":{"line":70,"column":34},"end":{"line":70,"column":35}},"loc":{"start":{"line":70,"column":54},"end":{"line":80,"column":1}},"line":70},"4":{"name":"(anonymous_4)","decl":{"start":{"line":85,"column":36},"end":{"line":85,"column":37}},"loc":{"start":{"line":85,"column":56},"end":{"line":99,"column":1}},"line":85},"5":{"name":"(anonymous_5)","decl":{"start":{"line":94,"column":25},"end":{"line":94,"column":26}},"loc":{"start":{"line":94,"column":34},"end":{"line":98,"column":3}},"line":94}},"branchMap":{"0":{"loc":{"start":{"line":13,"column":2},"end":{"line":16,"column":3}},"type":"if","locations":[{"start":{"line":13,"column":2},"end":{"line":16,"column":3}},{"start":{},"end":{}}],"line":13},"1":{"loc":{"start":{"line":13,"column":6},"end":{"line":13,"column":30}},"type":"binary-expr","locations":[{"start":{"line":13,"column":6},"end":{"line":13,"column":17}},{"start":{"line":13,"column":21},"end":{"line":13,"column":30}}],"line":13},"2":{"loc":{"start":{"line":54,"column":2},"end":{"line":57,"column":3}},"type":"if","locations":[{"start":{"line":54,"column":2},"end":{"line":57,"column":3}},{"start":{},"end":{}}],"line":54},"3":{"loc":{"start":{"line":59,"column":2},"end":{"line":62,"column":3}},"type":"if","locations":[{"start":{"line":59,"column":2},"end":{"line":62,"column":3}},{"start":{},"end":{}}],"line":59},"4":{"loc":{"start":{"line":59,"column":6},"end":{"line":59,"column":84}},"type":"binary-expr","locations":[{"start":{"line":59,"column":6},"end":{"line":59,"column":31}},{"start":{"line":59,"column":35},"end":{"line":59,"column":84}}],"line":59},"5":{"loc":{"start":{"line":73,"column":2},"end":{"line":76,"column":3}},"type":"if","locations":[{"start":{"line":73,"column":2},"end":{"line":76,"column":3}},{"start":{},"end":{}}],"line":73},"6":{"loc":{"start":{"line":88,"column":2},"end":{"line":91,"column":3}},"type":"if","locations":[{"start":{"line":88,"column":2},"end":{"line":91,"column":3}},{"start":{},"end":{}}],"line":88},"7":{"loc":{"start":{"line":95,"column":4},"end":{"line":97,"column":5}},"type":"if","locations":[{"start":{"line":95,"column":4},"end":{"line":97,"column":5}},{"start":{},"end":{}}],"line":95}},"s":{"0":3,"1":0,"2":0,"3":0,"4":0,"5":0,"6":0,"7":0,"8":0,"9":0,"10":3,"11":0,"12":0,"13":3,"14":0,"15":0,"16":0,"17":0,"18":0,"19":0,"20":0,"21":0,"22":3,"23":0,"24":0,"25":0,"26":0,"27":0,"28":0,"29":3,"30":0,"31":0,"32":0,"33":0,"34":0,"35":0,"36":0,"37":0},"f":{"0":0,"1":0,"2":0,"3":0,"4":0,"5":0},"b":{"0":[0,0],"1":[0,0],"2":[0,0],"3":[0,0],"4":[0,0],"5":[0,0],"6":[0,0],"7":[0,0]},"_coverageSchema":"1a1c01bbd47fc00a2c39e90264f33305004495a9","hash":"2e1e3a3c549fef07cd1afcf6a57955ed55636d49"}
,"C:\\Users\\ASUS\\Desktop\\Dewhara CSSE\\CSSE\\CSSE\\backend\\controllers\\scheduleController.js": {"path":"C:\\Users\\ASUS\\Desktop\\Dewhara CSSE\\CSSE\\CSSE\\backend\\controllers\\scheduleController.js","statementMap":{"0":{"start":{"line":9,"column":23},"end":{"line":25,"column":2}},"1":{"start":{"line":10,"column":41},"end":{"line":10,"column":49}},"2":{"start":{"line":11,"column":17},"end":{"line":11,"column":29}},"3":{"start":{"line":13,"column":19},"end":{"line":19,"column":4}},"4":{"start":{"line":22,"column":2},"end":{"line":22,"column":110}},"5":{"start":{"line":24,"column":2},"end":{"line":24,"column":33}},"6":{"start":{"line":30,"column":24},"end":{"line":33,"column":2}},"7":{"start":{"line":31,"column":20},"end":{"line":31,"column":72}},"8":{"start":{"line":32,"column":2},"end":{"line":32,"column":22}},"9":{"start":{"line":38,"column":29},"end":{"line":54,"column":2}},"10":{"start":{"line":39,"column":19},"end":{"line":39,"column":57}},"11":{"start":{"line":41,"column":2},"end":{"line":44,"column":3}},"12":{"start":{"line":42,"column":4},"end":{"line":42,"column":20}},"13":{"start":{"line":43,"column":4},"end":{"line":43,"column":42}},"14":{"start":{"line":46,"column":2},"end":{"line":46,"column":55}},"15":{"start":{"line":48,"column":26},"end":{"line":48,"column":47}},"16":{"start":{"line":51,"column":2},"end":{"line":51,"column":136}},"17":{"start":{"line":53,"column":2},"end":{"line":53,"column":28}},"18":{"start":{"line":59,"column":24},"end":{"line":81,"column":2}},"19":{"start":{"line":60,"column":19},"end":{"line":60,"column":57}},"20":{"start":{"line":61,"column":26},"end":{"line":61,"column":34}},"21":{"start":{"line":63,"column":2},"end":{"line":66,"column":3}},"22":{"start":{"line":64,"column":4},"end":{"line":64,"column":20}},"23":{"start":{"line":65,"column":4},"end":{"line":65,"column":42}},"24":{"start":{"line":68,"column":20},"end":{"line":68,"column":52}},"25":{"start":{"line":69,"column":2},"end":{"line":72,"column":3}},"26":{"start":{"line":70,"column":4},"end":{"line":70,"column":20}},"27":{"start":{"line":71,"column":4},"end":{"line":71,"column":43}},"28":{"start":{"line":74,"column":2},"end":{"line":74,"column":43}},"29":{"start":{"line":75,"column":26},"end":{"line":75,"column":47}},"30":{"start":{"line":78,"column":2},"end":{"line":78,"column":141}},"31":{"start":{"line":80,"column":2},"end":{"line":80,"column":28}}},"fnMap":{"0":{"name":"(anonymous_0)","decl":{"start":{"line":9,"column":36},"end":{"line":9,"column":37}},"loc":{"start":{"line":9,"column":56},"end":{"line":25,"column":1}},"line":9},"1":{"name":"(anonymous_1)","decl":{"start":{"line":30,"column":37},"end":{"line":30,"column":38}},"loc":{"start":{"line":30,"column":57},"end":{"line":33,"column":1}},"line":30},"2":{"name":"(anonymous_2)","decl":{"start":{"line":38,"column":42},"end":{"line":38,"column":43}},"loc":{"start":{"line":38,"column":62},"end":{"line":54,"column":1}},"line":38},"3":{"name":"(anonymous_3)","decl":{"start":{"line":59,"column":37},"end":{"line":59,"column":38}},"loc":{"start":{"line":59,"column":57},"end":{"line":81,"column":1}},"line":59}},"branchMap":{"0":{"loc":{"start":{"line":41,"column":2},"end":{"line":44,"column":3}},"type":"if","locations":[{"start":{"line":41,"column":2},"end":{"line":44,"column":3}},{"start":{},"end":{}}],"line":41},"1":{"loc":{"start":{"line":46,"column":20},"end":{"line":46,"column":54}},"type":"binary-expr","locations":[{"start":{"line":46,"column":20},"end":{"line":46,"column":35}},{"start":{"line":46,"column":39},"end":{"line":46,"column":54}}],"line":46},"2":{"loc":{"start":{"line":63,"column":2},"end":{"line":66,"column":3}},"type":"if","locations":[{"start":{"line":63,"column":2},"end":{"line":66,"column":3}},{"start":{},"end":{}}],"line":63},"3":{"loc":{"start":{"line":69,"column":2},"end":{"line":72,"column":3}},"type":"if","locations":[{"start":{"line":69,"column":2},"end":{"line":72,"column":3}},{"start":{},"end":{}}],"line":69}},"s":{"0":3,"1":0,"2":0,"3":0,"4":0,"5":0,"6":3,"7":0,"8":0,"9":3,"10":0,"11":0,"12":0,"13":0,"14":0,"15":0,"16":0,"17":0,"18":3,"19":0,"20":0,"21":0,"22":0,"23":0,"24":0,"25":0,"26":0,"27":0,"28":0,"29":0,"30":0,"31":0},"f":{"0":0,"1":0,"2":0,"3":0},"b":{"0":[0,0],"1":[0,0],"2":[0,0],"3":[0,0]},"_coverageSchema":"1a1c01bbd47fc00a2c39e90264f33305004495a9","hash":"404a33899c36f6db25f999c8529765ffc4a58f9c"}
,"C:\\Users\\ASUS\\Desktop\\Dewhara CSSE\\CSSE\\CSSE\\backend\\controllers\\userController.js": {"path":"C:\\Users\\ASUS\\Desktop\\Dewhara CSSE\\CSSE\\CSSE\\backend\\controllers\\userController.js","statementMap":{"0":{"start":{"line":6,"column":22},"end":{"line":8,"column":1}},"1":{"start":{"line":7,"column":2},"end":{"line":7,"column":72}},"2":{"start":{"line":13,"column":23},"end":{"line":29,"column":2}},"3":{"start":{"line":14,"column":15},"end":{"line":14,"column":47}},"4":{"start":{"line":16,"column":2},"end":{"line":28,"column":3}},"5":{"start":{"line":17,"column":4},"end":{"line":24,"column":7}},"6":{"start":{"line":26,"column":4},"end":{"line":26,"column":20}},"7":{"start":{"line":27,"column":4},"end":{"line":27,"column":38}},"8":{"start":{"line":34,"column":26},"end":{"line":58,"column":2}},"9":{"start":{"line":35,"column":15},"end":{"line":35,"column":67}},"10":{"start":{"line":37,"column":2},"end":{"line":57,"column":3}},"11":{"start":{"line":38,"column":4},"end":{"line":38,"column":43}},"12":{"start":{"line":39,"column":4},"end":{"line":39,"column":46}},"13":{"start":{"line":41,"column":4},"end":{"line":43,"column":5}},"14":{"start":{"line":42,"column":6},"end":{"line":42,"column":40}},"15":{"start":{"line":45,"column":24},"end":{"line":45,"column":41}},"16":{"start":{"line":47,"column":4},"end":{"line":53,"column":7}},"17":{"start":{"line":55,"column":4},"end":{"line":55,"column":20}},"18":{"start":{"line":56,"column":4},"end":{"line":56,"column":38}},"19":{"start":{"line":63,"column":21},"end":{"line":97,"column":2}},"20":{"start":{"line":64,"column":42},"end":{"line":64,"column":50}},"21":{"start":{"line":67,"column":2},"end":{"line":70,"column":3}},"22":{"start":{"line":68,"column":4},"end":{"line":68,"column":20}},"23":{"start":{"line":69,"column":4},"end":{"line":69,"column":49}},"24":{"start":{"line":72,"column":21},"end":{"line":72,"column":50}},"25":{"start":{"line":73,"column":2},"end":{"line":76,"column":3}},"26":{"start":{"line":74,"column":4},"end":{"line":74,"column":20}},"27":{"start":{"line":75,"column":4},"end":{"line":75,"column":43}},"28":{"start":{"line":78,"column":15},"end":{"line":83,"column":4}},"29":{"start":{"line":85,"column":2},"end":{"line":96,"column":3}},"30":{"start":{"line":86,"column":4},"end":{"line":92,"column":7}},"31":{"start":{"line":94,"column":4},"end":{"line":94,"column":20}},"32":{"start":{"line":95,"column":4},"end":{"line":95,"column":41}},"33":{"start":{"line":102,"column":19},"end":{"line":126,"column":2}},"34":{"start":{"line":103,"column":15},"end":{"line":103,"column":49}},"35":{"start":{"line":105,"column":2},"end":{"line":125,"column":3}},"36":{"start":{"line":106,"column":4},"end":{"line":106,"column":43}},"37":{"start":{"line":107,"column":4},"end":{"line":107,"column":46}},"38":{"start":{"line":108,"column":4},"end":{"line":108,"column":43}},"39":{"start":{"line":110,"column":4},"end":{"line":112,"column":5}},"40":{"start":{"line":111,"column":6},"end":{"line":111,"column":40}},"41":{"start":{"line":114,"column":24},"end":{"line":114,"column":41}},"42":{"start":{"line":116,"column":4},"end":{"line":121,"column":7}},"43":{"start":{"line":123,"column":4},"end":{"line":123,"column":20}},"44":{"start":{"line":124,"column":4},"end":{"line":124,"column":38}},"45":{"start":{"line":131,"column":19},"end":{"line":141,"column":2}},"46":{"start":{"line":132,"column":15},"end":{"line":132,"column":49}},"47":{"start":{"line":134,"column":2},"end":{"line":140,"column":3}},"48":{"start":{"line":135,"column":4},"end":{"line":135,"column":27}},"49":{"start":{"line":136,"column":4},"end":{"line":136,"column":42}},"50":{"start":{"line":138,"column":4},"end":{"line":138,"column":20}},"51":{"start":{"line":139,"column":4},"end":{"line":139,"column":38}},"52":{"start":{"line":146,"column":20},"end":{"line":149,"column":2}},"53":{"start":{"line":147,"column":16},"end":{"line":147,"column":53}},"54":{"start":{"line":148,"column":2},"end":{"line":148,"column":18}},"55":{"start":{"line":154,"column":23},"end":{"line":171,"column":2}},"56":{"start":{"line":155,"column":15},"end":{"line":155,"column":49}},"57":{"start":{"line":157,"column":2},"end":{"line":170,"column":3}},"58":{"start":{"line":158,"column":4},"end":{"line":158,"column":43}},"59":{"start":{"line":160,"column":24},"end":{"line":160,"column":41}},"60":{"start":{"line":161,"column":4},"end":{"line":166,"column":7}},"61":{"start":{"line":168,"column":4},"end":{"line":168,"column":20}},"62":{"start":{"line":169,"column":4},"end":{"line":169,"column":38}},"63":{"start":{"line":176,"column":24},"end":{"line":185,"column":2}},"64":{"start":{"line":177,"column":20},"end":{"line":177,"column":78}},"65":{"start":{"line":179,"column":2},"end":{"line":182,"column":3}},"66":{"start":{"line":180,"column":4},"end":{"line":180,"column":20}},"67":{"start":{"line":181,"column":4},"end":{"line":181,"column":42}},"68":{"start":{"line":184,"column":2},"end":{"line":184,"column":22}}},"fnMap":{"0":{"name":"(anonymous_0)","decl":{"start":{"line":6,"column":22},"end":{"line":6,"column":23}},"loc":{"start":{"line":6,"column":30},"end":{"line":8,"column":1}},"line":6},"1":{"name":"(anonymous_1)","decl":{"start":{"line":13,"column":36},"end":{"line":13,"column":37}},"loc":{"start":{"line":13,"column":56},"end":{"line":29,"column":1}},"line":13},"2":{"name":"(anonymous_2)","decl":{"start":{"line":34,"column":39},"end":{"line":34,"column":40}},"loc":{"start":{"line":34,"column":59},"end":{"line":58,"column":1}},"line":34},"3":{"name":"(anonymous_3)","decl":{"start":{"line":63,"column":34},"end":{"line":63,"column":35}},"loc":{"start":{"line":63,"column":54},"end":{"line":97,"column":1}},"line":63},"4":{"name":"(anonymous_4)","decl":{"start":{"line":102,"column":32},"end":{"line":102,"column":33}},"loc":{"start":{"line":102,"column":52},"end":{"line":126,"column":1}},"line":102},"5":{"name":"(anonymous_5)","decl":{"start":{"line":131,"column":32},"end":{"line":131,"column":33}},"loc":{"start":{"line":131,"column":52},"end":{"line":141,"column":1}},"line":131},"6":{"name":"(anonymous_6)","decl":{"start":{"line":146,"column":33},"end":{"line":146,"column":34}},"loc":{"start":{"line":146,"column":53},"end":{"line":149,"column":1}},"line":146},"7":{"name":"(anonymous_7)","decl":{"start":{"line":154,"column":36},"end":{"line":154,"column":37}},"loc":{"start":{"line":154,"column":56},"end":{"line":171,"column":1}},"line":154},"8":{"name":"(anonymous_8)","decl":{"start":{"line":176,"column":37},"end":{"line":176,"column":38}},"loc":{"start":{"line":176,"column":57},"end":{"line":185,"column":1}},"line":176}},"branchMap":{"0":{"loc":{"start":{"line":16,"column":2},"end":{"line":28,"column":3}},"type":"if","locations":[{"start":{"line":16,"column":2},"end":{"line":28,"column":3}},{"start":{"line":25,"column":9},"end":{"line":28,"column":3}}],"line":16},"1":{"loc":{"start":{"line":37,"column":2},"end":{"line":57,"column":3}},"type":"if","locations":[{"start":{"line":37,"column":2},"end":{"line":57,"column":3}},{"start":{"line":54,"column":9},"end":{"line":57,"column":3}}],"line":37},"2":{"loc":{"start":{"line":38,"column":16},"end":{"line":38,"column":42}},"type":"binary-expr","locations":[{"start":{"line":38,"column":16},"end":{"line":38,"column":29}},{"start":{"line":38,"column":33},"end":{"line":38,"column":42}}],"line":38},"3":{"loc":{"start":{"line":39,"column":17},"end":{"line":39,"column":45}},"type":"binary-expr","locations":[{"start":{"line":39,"column":17},"end":{"line":39,"column":31}},{"start":{"line":39,"column":35},"end":{"line":39,"column":45}}],"line":39},"4":{"loc":{"start":{"line":41,"column":4},"end":{"line":43,"column":5}},"type":"if","locations":[{"start":{"line":41,"column":4},"end":{"line":43,"column":5}},{"start":{},"end":{}}],"line":41},"5":{"loc":{"start":{"line":67,"column":2},"end":{"line":70,"column":3}},"type":"if","locations":[{"start":{"line":67,"column":2},"end":{"line":70,"column":3}},{"start":{},"end":{}}],"line":67},"6":{"loc":{"start":{"line":67,"column":6},"end":{"line":67,"column":43}},"type":"binary-expr","locations":[{"start":{"line":67,"column":6},"end":{"line":67,"column":11}},{"start":{"line":67,"column":15},"end":{"line":67,"column":21}},{"start":{"line":67,"column":25},"end":{"line":67,"column":34}},{"start":{"line":67,"column":38},"end":{"line":67,"column":43}}],"line":67},"7":{"loc":{"start":{"line":73,"column":2},"end":{"line":76,"column":3}},"type":"if","locations":[{"start":{"line":73,"column":2},"end":{"line":76,"column":3}},{"start":{},"end":{}}],"line":73},"8":{"loc":{"start":{"line":85,"column":2},"end":{"line":96,"column":3}},"type":"if","locations":[{"start":{"line":85,"column":2},"end":{"line":96,"column":3}},{"start":{"line":93,"column":9},"end":{"line":96,"column":3}}],"line":85},"9":{"loc":{"start":{"line":105,"column":2},"end":{"line":125,"column":3}},"type":"if","locations":[{"start":{"line":105,"column":2},"end":{"line":125,"column":3}},{"start":{"line":122,"column":9},"end":{"line":125,"column":3}}],"line":105},"10":{"loc":{"start":{"line":106,"column":16},"end":{"line":106,"column":42}},"type":"binary-expr","locations":[{"start":{"line":106,"column":16},"end":{"line":106,"column":29}},{"start":{"line":106,"column":33},"end":{"line":106,"column":42}}],"line":106},"11":{"loc":{"start":{"line":107,"column":17},"end":{"line":107,"column":45}},"type":"binary-expr","locations":[{"start":{"line":107,"column":17},"end":{"line":107,"column":31}},{"start":{"line":107,"column":35},"end":{"line":107,"column":45}}],"line":107},"12":{"loc":{"start":{"line":108,"column":16},"end":{"line":108,"column":42}},"type":"binary-expr","locations":[{"start":{"line":108,"column":16},"end":{"line":108,"column":29}},{"start":{"line":108,"column":33},"end":{"line":108,"column":42}}],"line":108},"13":{"loc":{"start":{"line":110,"column":4},"end":{"line":112,"column":5}},"type":"if","locations":[{"start":{"line":110,"column":4},"end":{"line":112,"column":5}},{"start":{},"end":{}}],"line":110},"14":{"loc":{"start":{"line":134,"column":2},"end":{"line":140,"column":3}},"type":"if","locations":[{"start":{"line":134,"column":2},"end":{"line":140,"column":3}},{"start":{"line":137,"column":9},"end":{"line":140,"column":3}}],"line":134},"15":{"loc":{"start":{"line":157,"column":2},"end":{"line":170,"column":3}},"type":"if","locations":[{"start":{"line":157,"column":2},"end":{"line":170,"column":3}},{"start":{"line":167,"column":9},"end":{"line":170,"column":3}}],"line":157},"16":{"loc":{"start":{"line":158,"column":16},"end":{"line":158,"column":42}},"type":"binary-expr","locations":[{"start":{"line":158,"column":16},"end":{"line":158,"column":29}},{"start":{"line":158,"column":33},"end":{"line":158,"column":42}}],"line":158},"17":{"loc":{"start":{"line":179,"column":2},"end":{"line":182,"column":3}},"type":"if","locations":[{"start":{"line":179,"column":2},"end":{"line":182,"column":3}},{"start":{},"end":{}}],"line":179},"18":{"loc":{"start":{"line":179,"column":6},"end":{"line":179,"column":42}},"type":"binary-expr","locations":[{"start":{"line":179,"column":6},"end":{"line":179,"column":16}},{"start":{"line":179,"column":20},"end":{"line":179,"column":42}}],"line":179}},"s":{"0":3,"1":0,"2":3,"3":0,"4":0,"5":0,"6":0,"7":0,"8":3,"9":0,"10":0,"11":0,"12":0,"13":0,"14":0,"15":0,"16":0,"17":0,"18":0,"19":3,"20":0,"21":0,"22":0,"23":0,"24":0,"25":0,"26":0,"27":0,"28":0,"29":0,"30":0,"31":0,"32":0,"33":3,"34":0,"35":0,"36":0,"37":0,"38":0,"39":0,"40":0,"41":0,"42":0,"43":0,"44":0,"45":3,"46":0,"47":0,"48":0,"49":0,"50":0,"51":0,"52":3,"53":0,"54":0,"55":3,"56":0,"57":0,"58":0,"59":0,"60":0,"61":0,"62":0,"63":3,"64":0,"65":0,"66":0,"67":0,"68":0},"f":{"0":0,"1":0,"2":0,"3":0,"4":0,"5":0,"6":0,"7":0,"8":0},"b":{"0":[0,0],"1":[0,0],"2":[0,0],"3":[0,0],"4":[0,0],"5":[0,0],"6":[0,0,0,0],"7":[0,0],"8":[0,0],"9":[0,0],"10":[0,0],"11":[0,0],"12":[0,0],"13":[0,0],"14":[0,0],"15":[0,0],"16":[0,0],"17":[0,0],"18":[0,0]},"_coverageSchema":"1a1c01bbd47fc00a2c39e90264f33305004495a9","hash":"aa64fdcc6041d13213673edb5a711dc2fc147d60"}
,"C:\\Users\\ASUS\\Desktop\\Dewhara CSSE\\CSSE\\CSSE\\backend\\controllers\\wasteController.js": {"path":"C:\\Users\\ASUS\\Desktop\\Dewhara CSSE\\CSSE\\CSSE\\backend\\controllers\\wasteController.js","statementMap":{"0":{"start":{"line":9,"column":30},"end":{"line":25,"column":2}},"1":{"start":{"line":10,"column":44},"end":{"line":10,"column":52}},"2":{"start":{"line":12,"column":2},"end":{"line":15,"column":3}},"3":{"start":{"line":13,"column":4},"end":{"line":13,"column":20}},"4":{"start":{"line":14,"column":4},"end":{"line":14,"column":58}},"5":{"start":{"line":17,"column":16},"end":{"line":22,"column":4}},"6":{"start":{"line":24,"column":2},"end":{"line":24,"column":30}},"7":{"start":{"line":30,"column":31},"end":{"line":37,"column":2}},"8":{"start":{"line":31,"column":17},"end":{"line":33,"column":42}},"9":{"start":{"line":36,"column":2},"end":{"line":36,"column":19}},"10":{"start":{"line":43,"column":34},"end":{"line":49,"column":2}},"11":{"start":{"line":44,"column":17},"end":{"line":46,"column":42}},"12":{"start":{"line":48,"column":2},"end":{"line":48,"column":19}},"13":{"start":{"line":55,"column":36},"end":{"line":68,"column":2}},"14":{"start":{"line":56,"column":16},"end":{"line":56,"column":61}},"15":{"start":{"line":58,"column":2},"end":{"line":61,"column":3}},"16":{"start":{"line":59,"column":4},"end":{"line":59,"column":20}},"17":{"start":{"line":60,"column":4},"end":{"line":60,"column":57}},"18":{"start":{"line":63,"column":2},"end":{"line":63,"column":49}},"19":{"start":{"line":65,"column":23},"end":{"line":65,"column":41}},"20":{"start":{"line":67,"column":2},"end":{"line":67,"column":25}},"21":{"start":{"line":73,"column":30},"end":{"line":89,"column":2}},"22":{"start":{"line":74,"column":16},"end":{"line":74,"column":61}},"23":{"start":{"line":76,"column":2},"end":{"line":79,"column":3}},"24":{"start":{"line":77,"column":4},"end":{"line":77,"column":20}},"25":{"start":{"line":78,"column":4},"end":{"line":78,"column":57}},"26":{"start":{"line":82,"column":2},"end":{"line":85,"column":3}},"27":{"start":{"line":83,"column":4},"end":{"line":83,"column":20}},"28":{"start":{"line":84,"column":4},"end":{"line":84,"column":77}},"29":{"start":{"line":87,"column":2},"end":{"line":87,"column":26}},"30":{"start":{"line":88,"column":2},"end":{"line":88,"column":59}},"31":{"start":{"line":93,"column":19},"end":{"line":118,"column":2}},"32":{"start":{"line":94,"column":21},"end":{"line":94,"column":29}},"33":{"start":{"line":97,"column":17},"end":{"line":97,"column":41}},"34":{"start":{"line":100,"column":15},"end":{"line":100,"column":42}},"35":{"start":{"line":102,"column":2},"end":{"line":105,"column":3}},"36":{"start":{"line":103,"column":4},"end":{"line":103,"column":20}},"37":{"start":{"line":104,"column":4},"end":{"line":104,"column":38}},"38":{"start":{"line":108,"column":27},"end":{"line":108,"column":80}},"39":{"start":{"line":110,"column":2},"end":{"line":117,"column":5}},"40":{"start":{"line":123,"column":24},"end":{"line":144,"column":2}},"41":{"start":{"line":124,"column":26},"end":{"line":124,"column":34}},"42":{"start":{"line":126,"column":26},"end":{"line":126,"column":71}},"43":{"start":{"line":128,"column":2},"end":{"line":131,"column":3}},"44":{"start":{"line":129,"column":4},"end":{"line":129,"column":20}},"45":{"start":{"line":130,"column":4},"end":{"line":130,"column":50}},"46":{"start":{"line":134,"column":2},"end":{"line":134,"column":50}},"47":{"start":{"line":135,"column":2},"end":{"line":135,"column":31}},"48":{"start":{"line":138,"column":2},"end":{"line":138,"column":62}},"49":{"start":{"line":140,"column":2},"end":{"line":143,"column":5}}},"fnMap":{"0":{"name":"(anonymous_0)","decl":{"start":{"line":9,"column":43},"end":{"line":9,"column":44}},"loc":{"start":{"line":9,"column":63},"end":{"line":25,"column":1}},"line":9},"1":{"name":"(anonymous_1)","decl":{"start":{"line":30,"column":44},"end":{"line":30,"column":45}},"loc":{"start":{"line":30,"column":64},"end":{"line":37,"column":1}},"line":30},"2":{"name":"(anonymous_2)","decl":{"start":{"line":43,"column":47},"end":{"line":43,"column":48}},"loc":{"start":{"line":43,"column":67},"end":{"line":49,"column":1}},"line":43},"3":{"name":"(anonymous_3)","decl":{"start":{"line":55,"column":49},"end":{"line":55,"column":50}},"loc":{"start":{"line":55,"column":69},"end":{"line":68,"column":1}},"line":55},"4":{"name":"(anonymous_4)","decl":{"start":{"line":73,"column":43},"end":{"line":73,"column":44}},"loc":{"start":{"line":73,"column":63},"end":{"line":89,"column":1}},"line":73},"5":{"name":"(anonymous_5)","decl":{"start":{"line":93,"column":32},"end":{"line":93,"column":33}},"loc":{"start":{"line":93,"column":52},"end":{"line":118,"column":1}},"line":93},"6":{"name":"(anonymous_6)","decl":{"start":{"line":123,"column":37},"end":{"line":123,"column":38}},"loc":{"start":{"line":123,"column":57},"end":{"line":144,"column":1}},"line":123}},"branchMap":{"0":{"loc":{"start":{"line":12,"column":2},"end":{"line":15,"column":3}},"type":"if","locations":[{"start":{"line":12,"column":2},"end":{"line":15,"column":3}},{"start":{},"end":{}}],"line":12},"1":{"loc":{"start":{"line":12,"column":6},"end":{"line":12,"column":42}},"type":"binary-expr","locations":[{"start":{"line":12,"column":6},"end":{"line":12,"column":15}},{"start":{"line":12,"column":19},"end":{"line":12,"column":29}},{"start":{"line":12,"column":33},"end":{"line":12,"column":42}}],"line":12},"2":{"loc":{"start":{"line":58,"column":2},"end":{"line":61,"column":3}},"type":"if","locations":[{"start":{"line":58,"column":2},"end":{"line":61,"column":3}},{"start":{},"end":{}}],"line":58},"3":{"loc":{"start":{"line":63,"column":17},"end":{"line":63,"column":48}},"type":"binary-expr","locations":[{"start":{"line":63,"column":17},"end":{"line":63,"column":32}},{"start":{"line":63,"column":36},"end":{"line":63,"column":48}}],"line":63},"4":{"loc":{"start":{"line":76,"column":2},"end":{"line":79,"column":3}},"type":"if","locations":[{"start":{"line":76,"column":2},"end":{"line":79,"column":3}},{"start":{},"end":{}}],"line":76},"5":{"loc":{"start":{"line":82,"column":2},"end":{"line":85,"column":3}},"type":"if","locations":[{"start":{"line":82,"column":2},"end":{"line":85,"column":3}},{"start":{},"end":{}}],"line":82},"6":{"loc":{"start":{"line":82,"column":6},"end":{"line":82,"column":91}},"type":"binary-expr","locations":[{"start":{"line":82,"column":6},"end":{"line":82,"column":62}},{"start":{"line":82,"column":66},"end":{"line":82,"column":91}}],"line":82},"7":{"loc":{"start":{"line":102,"column":2},"end":{"line":105,"column":3}},"type":"if","locations":[{"start":{"line":102,"column":2},"end":{"line":105,"column":3}},{"start":{},"end":{}}],"line":102},"8":{"loc":{"start":{"line":128,"column":2},"end":{"line":131,"column":3}},"type":"if","locations":[{"start":{"line":128,"column":2},"end":{"line":131,"column":3}},{"start":{},"end":{}}],"line":128}},"s":{"0":3,"1":0,"2":0,"3":0,"4":0,"5":0,"6":0,"7":3,"8":0,"9":0,"10":3,"11":0,"12":0,"13":3,"14":0,"15":0,"16":0,"17":0,"18":0,"19":0,"20":0,"21":3,"22":0,"23":0,"24":0,"25":0,"26":0,"27":0,"28":0,"29":0,"30":0,"31":3,"32":0,"33":0,"34":0,"35":0,"36":0,"37":0,"38":0,"39":0,"40":3,"41":0,"42":0,"43":0,"44":0,"45":0,"46":0,"47":0,"48":0,"49":0},"f":{"0":0,"1":0,"2":0,"3":0,"4":0,"5":0,"6":0},"b":{"0":[0,0],"1":[0,0,0],"2":[0,0],"3":[0,0],"4":[0,0],"5":[0,0],"6":[0,0],"7":[0,0],"8":[0,0]},"_coverageSchema":"1a1c01bbd47fc00a2c39e90264f33305004495a9","hash":"7fa45571a17ef4d498fffd8bf5465dcfaccdbc25"}
,"C:\\Users\\ASUS\\Desktop\\Dewhara CSSE\\CSSE\\CSSE\\backend\\middleware\\authMiddleware.js": {"path":"C:\\Users\\ASUS\\Desktop\\Dewhara CSSE\\CSSE\\CSSE\\backend\\middleware\\authMiddleware.js","statementMap":{"0":{"start":{"line":6,"column":23},"end":{"line":36,"column":2}},"1":{"start":{"line":10,"column":2},"end":{"line":30,"column":3}},"2":{"start":{"line":14,"column":4},"end":{"line":29,"column":5}},"3":{"start":{"line":16,"column":6},"end":{"line":16,"column":54}},"4":{"start":{"line":19,"column":22},"end":{"line":19,"column":63}},"5":{"start":{"line":22,"column":6},"end":{"line":22,"column":69}},"6":{"start":{"line":24,"column":6},"end":{"line":24,"column":13}},"7":{"start":{"line":26,"column":26},"end":{"line":26,"column":83}},"8":{"start":{"line":27,"column":6},"end":{"line":27,"column":22}},"9":{"start":{"line":28,"column":6},"end":{"line":28,"column":54}},"10":{"start":{"line":32,"column":2},"end":{"line":35,"column":3}},"11":{"start":{"line":33,"column":4},"end":{"line":33,"column":20}},"12":{"start":{"line":34,"column":4},"end":{"line":34,"column":48}},"13":{"start":{"line":38,"column":25},"end":{"line":46,"column":1}},"14":{"start":{"line":39,"column":2},"end":{"line":45,"column":4}},"15":{"start":{"line":40,"column":4},"end":{"line":43,"column":5}},"16":{"start":{"line":41,"column":6},"end":{"line":41,"column":22}},"17":{"start":{"line":42,"column":6},"end":{"line":42,"column":96}},"18":{"start":{"line":44,"column":4},"end":{"line":44,"column":11}},"19":{"start":{"line":53,"column":85},"end":{"line":53,"column":40026}},"20":{"start":{"line":53,"column":89},"end":{"line":53,"column":40015}}},"fnMap":{"0":{"name":"(anonymous_0)","decl":{"start":{"line":6,"column":36},"end":{"line":6,"column":37}},"loc":{"start":{"line":6,"column":62},"end":{"line":36,"column":1}},"line":6},"1":{"name":"(anonymous_1)","decl":{"start":{"line":38,"column":25},"end":{"line":38,"column":26}},"loc":{"start":{"line":38,"column":39},"end":{"line":46,"column":1}},"line":38},"2":{"name":"(anonymous_2)","decl":{"start":{"line":39,"column":9},"end":{"line":39,"column":10}},"loc":{"start":{"line":39,"column":29},"end":{"line":45,"column":3}},"line":39},"3":{"name":"oo_cm","decl":{"start":{"line":53,"column":77},"end":{"line":53,"column":82}},"loc":{"start":{"line":53,"column":84},"end":{"line":53,"column":40027}},"line":53}},"branchMap":{"0":{"loc":{"start":{"line":10,"column":2},"end":{"line":30,"column":3}},"type":"if","locations":[{"start":{"line":10,"column":2},"end":{"line":30,"column":3}},{"start":{},"end":{}}],"line":10},"1":{"loc":{"start":{"line":11,"column":4},"end":{"line":12,"column":50}},"type":"binary-expr","locations":[{"start":{"line":11,"column":4},"end":{"line":11,"column":29}},{"start":{"line":12,"column":4},"end":{"line":12,"column":50}}],"line":11},"2":{"loc":{"start":{"line":32,"column":2},"end":{"line":35,"column":3}},"type":"if","locations":[{"start":{"line":32,"column":2},"end":{"line":35,"column":3}},{"start":{},"end":{}}],"line":32},"3":{"loc":{"start":{"line":40,"column":4},"end":{"line":43,"column":5}},"type":"if","locations":[{"start":{"line":40,"column":4},"end":{"line":43,"column":5}},{"start":{},"end":{}}],"line":40},"4":{"loc":{"start":{"line":53,"column":96},"end":{"line":53,"column":40014}},"type":"binary-expr","locations":[{"start":{"line":53,"column":96},"end":{"line":53,"column":133}},{"start":{"line":53,"column":137},"end":{"line":53,"column":40014}}],"line":53}},"s":{"0":3,"1":0,"2":0,"3":0,"4":0,"5":0,"6":0,"7":0,"8":0,"9":0,"10":0,"11":0,"12":0,"13":3,"14":90,"15":0,"16":0,"17":0,"18":0,"19":0,"20":0},"f":{"0":0,"1":90,"2":0,"3":0},"b":{"0":[0,0],"1":[0,0],"2":[0,0],"3":[0,0],"4":[0,0]},"_coverageSchema":"1a1c01bbd47fc00a2c39e90264f33305004495a9","hash":"571ae465b325b971140c1502bd1ade38e9eb11c3"}
,"C:\\Users\\ASUS\\Desktop\\Dewhara CSSE\\CSSE\\CSSE\\backend\\middleware\\errorMiddleware.js": {"path":"C:\\Users\\ASUS\\Desktop\\Dewhara CSSE\\CSSE\\CSSE\\backend\\middleware\\errorMiddleware.js","statementMap":{"0":{"start":{"line":1,"column":21},"end":{"line":11,"column":1}},"1":{"start":{"line":2,"column":22},"end":{"line":2,"column":82}},"2":{"start":{"line":4,"column":21},"end":{"line":4,"column":66}},"3":{"start":{"line":5,"column":2},"end":{"line":5,"column":25}},"4":{"start":{"line":7,"column":2},"end":{"line":10,"column":5}},"5":{"start":{"line":20,"column":85},"end":{"line":20,"column":40026}},"6":{"start":{"line":20,"column":89},"end":{"line":20,"column":40015}}},"fnMap":{"0":{"name":"(anonymous_0)","decl":{"start":{"line":1,"column":21},"end":{"line":1,"column":22}},"loc":{"start":{"line":1,"column":46},"end":{"line":11,"column":1}},"line":1},"1":{"name":"oo_cm","decl":{"start":{"line":20,"column":77},"end":{"line":20,"column":82}},"loc":{"start":{"line":20,"column":84},"end":{"line":20,"column":40027}},"line":20}},"branchMap":{"0":{"loc":{"start":{"line":4,"column":21},"end":{"line":4,"column":66}},"type":"cond-expr","locations":[{"start":{"line":4,"column":46},"end":{"line":4,"column":49}},{"start":{"line":4,"column":52},"end":{"line":4,"column":66}}],"line":4},"1":{"loc":{"start":{"line":9,"column":11},"end":{"line":9,"column":67}},"type":"cond-expr","locations":[{"start":{"line":9,"column":51},"end":{"line":9,"column":55}},{"start":{"line":9,"column":58},"end":{"line":9,"column":67}}],"line":9},"2":{"loc":{"start":{"line":20,"column":96},"end":{"line":20,"column":40014}},"type":"binary-expr","locations":[{"start":{"line":20,"column":96},"end":{"line":20,"column":133}},{"start":{"line":20,"column":137},"end":{"line":20,"column":40014}}],"line":20}},"s":{"0":3,"1":0,"2":0,"3":0,"4":0,"5":0,"6":0},"f":{"0":0,"1":0},"b":{"0":[0,0],"1":[0,0],"2":[0,0]},"_coverageSchema":"1a1c01bbd47fc00a2c39e90264f33305004495a9","hash":"d2316e5d7e1f4e8e5b01dd1ed5176932bb789029"}
,"C:\\Users\\ASUS\\Desktop\\Dewhara CSSE\\CSSE\\CSSE\\backend\\models\\Payment.js": {"path":"C:\\Users\\ASUS\\Desktop\\Dewhara CSSE\\CSSE\\CSSE\\backend\\models\\Payment.js","statementMap":{"0":{"start":{"line":3,"column":22},"end":{"line":32,"column":1}},"1":{"start":{"line":34,"column":16},"end":{"line":34,"column":47}}},"fnMap":{},"branchMap":{},"s":{"0":3,"1":3},"f":{},"b":{},"_coverageSchema":"1a1c01bbd47fc00a2c39e90264f33305004495a9","hash":"62cb8bc02b17bac53810b32eb997719bc66b4b2f"}
,"C:\\Users\\ASUS\\Desktop\\Dewhara CSSE\\CSSE\\CSSE\\backend\\models\\Report.js": {"path":"C:\\Users\\ASUS\\Desktop\\Dewhara CSSE\\CSSE\\CSSE\\backend\\models\\Report.js","statementMap":{"0":{"start":{"line":3,"column":21},"end":{"line":31,"column":1}},"1":{"start":{"line":33,"column":15},"end":{"line":33,"column":44}}},"fnMap":{},"branchMap":{},"s":{"0":3,"1":3},"f":{},"b":{},"_coverageSchema":"1a1c01bbd47fc00a2c39e90264f33305004495a9","hash":"1f851698d6d0f41aded21df1e06deea92d9a0d0f"}
,"C:\\Users\\ASUS\\Desktop\\Dewhara CSSE\\CSSE\\CSSE\\backend\\models\\Schedule.js": {"path":"C:\\Users\\ASUS\\Desktop\\Dewhara CSSE\\CSSE\\CSSE\\backend\\models\\Schedule.js","statementMap":{"0":{"start":{"line":3,"column":23},"end":{"line":29,"column":2}},"1":{"start":{"line":31,"column":17},"end":{"line":31,"column":50}}},"fnMap":{},"branchMap":{},"s":{"0":3,"1":3},"f":{},"b":{},"_coverageSchema":"1a1c01bbd47fc00a2c39e90264f33305004495a9","hash":"a836543907999e4a5b5662d33d577f043735347d"}
,"C:\\Users\\ASUS\\Desktop\\Dewhara CSSE\\CSSE\\CSSE\\backend\\models\\User.js": {"path":"C:\\Users\\ASUS\\Desktop\\Dewhara CSSE\\CSSE\\CSSE\\backend\\models\\User.js","statementMap":{"0":{"start":{"line":4,"column":19},"end":{"line":35,"column":2}},"1":{"start":{"line":38,"column":0},"end":{"line":45,"column":3}},"2":{"start":{"line":39,"column":2},"end":{"line":41,"column":3}},"3":{"start":{"line":40,"column":4},"end":{"line":40,"column":11}},"4":{"start":{"line":43,"column":15},"end":{"line":43,"column":39}},"5":{"start":{"line":44,"column":2},"end":{"line":44,"column":57}},"6":{"start":{"line":48,"column":0},"end":{"line":50,"column":2}},"7":{"start":{"line":49,"column":2},"end":{"line":49,"column":62}},"8":{"start":{"line":52,"column":13},"end":{"line":52,"column":38}}},"fnMap":{"0":{"name":"(anonymous_0)","decl":{"start":{"line":38,"column":23},"end":{"line":38,"column":24}},"loc":{"start":{"line":38,"column":45},"end":{"line":45,"column":1}},"line":38},"1":{"name":"(anonymous_1)","decl":{"start":{"line":48,"column":35},"end":{"line":48,"column":36}},"loc":{"start":{"line":48,"column":68},"end":{"line":50,"column":1}},"line":48}},"branchMap":{"0":{"loc":{"start":{"line":39,"column":2},"end":{"line":41,"column":3}},"type":"if","locations":[{"start":{"line":39,"column":2},"end":{"line":41,"column":3}},{"start":{},"end":{}}],"line":39}},"s":{"0":3,"1":3,"2":0,"3":0,"4":0,"5":0,"6":3,"7":0,"8":3},"f":{"0":0,"1":0},"b":{"0":[0,0]},"_coverageSchema":"1a1c01bbd47fc00a2c39e90264f33305004495a9","hash":"4c643087a34376577bd43c9f533f862b2ec2a571"}
,"C:\\Users\\ASUS\\Desktop\\Dewhara CSSE\\CSSE\\CSSE\\backend\\models\\WasteCollection.js": {"path":"C:\\Users\\ASUS\\Desktop\\Dewhara CSSE\\CSSE\\CSSE\\backend\\models\\WasteCollection.js","statementMap":{"0":{"start":{"line":4,"column":30},"end":{"line":15,"column":2}},"1":{"start":{"line":17,"column":24},"end":{"line":17,"column":71}}},"fnMap":{},"branchMap":{},"s":{"0":3,"1":3},"f":{},"b":{},"_coverageSchema":"1a1c01bbd47fc00a2c39e90264f33305004495a9","hash":"eb6d85acd2957a20341528a261e3752d73cc9a85"}
,"C:\\Users\\ASUS\\Desktop\\Dewhara CSSE\\CSSE\\CSSE\\backend\\routes\\adminRoutes.js": {"path":"C:\\Users\\ASUS\\Desktop\\Dewhara CSSE\\CSSE\\CSSE\\backend\\routes\\adminRoutes.js","statementMap":{"0":{"start":{"line":5,"column":15},"end":{"line":5,"column":31}},"1":{"start":{"line":7,"column":0},"end":{"line":7,"column":69}},"2":{"start":{"line":8,"column":0},"end":{"line":8,"column":63}},"3":{"start":{"line":9,"column":0},"end":{"line":9,"column":68}}},"fnMap":{},"branchMap":{},"s":{"0":3,"1":3,"2":3,"3":3},"f":{},"b":{},"_coverageSchema":"1a1c01bbd47fc00a2c39e90264f33305004495a9","hash":"5c87302eea3f628e12737454e0d6a0dae2e8d9f7"}
,"C:\\Users\\ASUS\\Desktop\\Dewhara CSSE\\CSSE\\CSSE\\backend\\routes\\authRoutes.js": {"path":"C:\\Users\\ASUS\\Desktop\\Dewhara CSSE\\CSSE\\CSSE\\backend\\routes\\authRoutes.js","statementMap":{"0":{"start":{"line":4,"column":15},"end":{"line":4,"column":31}},"1":{"start":{"line":9,"column":0},"end":{"line":9,"column":39}},"2":{"start":{"line":14,"column":0},"end":{"line":14,"column":33}}},"fnMap":{},"branchMap":{},"s":{"0":3,"1":3,"2":3},"f":{},"b":{},"_coverageSchema":"1a1c01bbd47fc00a2c39e90264f33305004495a9","hash":"3f845d9ba86cb295f1cd7c433df50959fbb5d23d"}
,"C:\\Users\\ASUS\\Desktop\\Dewhara CSSE\\CSSE\\CSSE\\backend\\routes\\paymentRoutes.js": {"path":"C:\\Users\\ASUS\\Desktop\\Dewhara CSSE\\CSSE\\CSSE\\backend\\routes\\paymentRoutes.js","statementMap":{"0":{"start":{"line":11,"column":15},"end":{"line":11,"column":31}},"1":{"start":{"line":16,"column":0},"end":{"line":16,"column":60}},"2":{"start":{"line":21,"column":0},"end":{"line":21,"column":69}},"3":{"start":{"line":26,"column":0},"end":{"line":26,"column":72}},"4":{"start":{"line":31,"column":0},"end":{"line":31,"column":69}},"5":{"start":{"line":36,"column":0},"end":{"line":36,"column":66}}},"fnMap":{},"branchMap":{},"s":{"0":3,"1":3,"2":3,"3":3,"4":3,"5":3},"f":{},"b":{},"_coverageSchema":"1a1c01bbd47fc00a2c39e90264f33305004495a9","hash":"6ec453e360666cea953317e7cc2e49f85aab6915"}
,"C:\\Users\\ASUS\\Desktop\\Dewhara CSSE\\CSSE\\CSSE\\backend\\routes\\recyclingRoutes.js": {"path":"C:\\Users\\ASUS\\Desktop\\Dewhara CSSE\\CSSE\\CSSE\\backend\\routes\\recyclingRoutes.js","statementMap":{"0":{"start":{"line":5,"column":15},"end":{"line":5,"column":31}},"1":{"start":{"line":8,"column":0},"end":{"line":8,"column":81}},"2":{"start":{"line":11,"column":0},"end":{"line":11,"column":53}}},"fnMap":{},"branchMap":{},"s":{"0":3,"1":3,"2":3},"f":{},"b":{},"_coverageSchema":"1a1c01bbd47fc00a2c39e90264f33305004495a9","hash":"2c33efb3bed474e0672050147b8fa91ffa0f9f31"}
,"C:\\Users\\ASUS\\Desktop\\Dewhara CSSE\\CSSE\\CSSE\\backend\\routes\\reportRoutes.js": {"path":"C:\\Users\\ASUS\\Desktop\\Dewhara CSSE\\CSSE\\CSSE\\backend\\routes\\reportRoutes.js","statementMap":{"0":{"start":{"line":10,"column":15},"end":{"line":10,"column":31}},"1":{"start":{"line":16,"column":0},"end":{"line":16,"column":65}},"2":{"start":{"line":21,"column":0},"end":{"line":21,"column":60}},"3":{"start":{"line":26,"column":0},"end":{"line":26,"column":71}},"4":{"start":{"line":31,"column":0},"end":{"line":31,"column":65}}},"fnMap":{},"branchMap":{},"s":{"0":3,"1":3,"2":3,"3":3,"4":3},"f":{},"b":{},"_coverageSchema":"1a1c01bbd47fc00a2c39e90264f33305004495a9","hash":"4aeb85404e60d32e300261e8044e329254e48358"}
,"C:\\Users\\ASUS\\Desktop\\Dewhara CSSE\\CSSE\\CSSE\\backend\\routes\\scheduleRoutes.js": {"path":"C:\\Users\\ASUS\\Desktop\\Dewhara CSSE\\CSSE\\CSSE\\backend\\routes\\scheduleRoutes.js","statementMap":{"0":{"start":{"line":5,"column":15},"end":{"line":5,"column":31}},"1":{"start":{"line":10,"column":0},"end":{"line":10,"column":70}},"2":{"start":{"line":15,"column":0},"end":{"line":15,"column":62}},"3":{"start":{"line":20,"column":0},"end":{"line":20,"column":83}},"4":{"start":{"line":25,"column":0},"end":{"line":25,"column":72}}},"fnMap":{},"branchMap":{},"s":{"0":3,"1":3,"2":3,"3":3,"4":3},"f":{},"b":{},"_coverageSchema":"1a1c01bbd47fc00a2c39e90264f33305004495a9","hash":"1326e54c81cd4cbecfc9ad4c39d414f877c5f7ce"}
,"C:\\Users\\ASUS\\Desktop\\Dewhara CSSE\\CSSE\\CSSE\\backend\\routes\\userRoutes.js": {"path":"C:\\Users\\ASUS\\Desktop\\Dewhara CSSE\\CSSE\\CSSE\\backend\\routes\\userRoutes.js","statementMap":{"0":{"start":{"line":14,"column":15},"end":{"line":14,"column":31}},"1":{"start":{"line":17,"column":0},"end":{"line":17,"column":58}},"2":{"start":{"line":20,"column":0},"end":{"line":20,"column":60}},"3":{"start":{"line":23,"column":0},"end":{"line":23,"column":48}},"4":{"start":{"line":26,"column":0},"end":{"line":26,"column":51}},"5":{"start":{"line":29,"column":0},"end":{"line":29,"column":60}},"6":{"start":{"line":32,"column":0},"end":{"line":32,"column":69}},"7":{"start":{"line":35,"column":0},"end":{"line":35,"column":63}},"8":{"start":{"line":38,"column":0},"end":{"line":38,"column":71}}},"fnMap":{},"branchMap":{},"s":{"0":3,"1":3,"2":3,"3":3,"4":3,"5":3,"6":3,"7":3,"8":3},"f":{},"b":{},"_coverageSchema":"1a1c01bbd47fc00a2c39e90264f33305004495a9","hash":"7bf665507a143bd7661404e46988c0b8888e504e"}
,"C:\\Users\\ASUS\\Desktop\\Dewhara CSSE\\CSSE\\CSSE\\backend\\routes\\wasteRoutes.js": {"path":"C:\\Users\\ASUS\\Desktop\\Dewhara CSSE\\CSSE\\CSSE\\backend\\routes\\wasteRoutes.js","statementMap":{"0":{"start":{"line":13,"column":15},"end":{"line":13,"column":31}},"1":{"start":{"line":15,"column":0},"end":{"line":15,"column":66}},"2":{"start":{"line":16,"column":0},"end":{"line":16,"column":77}},"3":{"start":{"line":17,"column":0},"end":{"line":17,"column":69}},"4":{"start":{"line":19,"column":0},"end":{"line":19,"column":92}},"5":{"start":{"line":21,"column":0},"end":{"line":21,"column":90}},"6":{"start":{"line":22,"column":0},"end":{"line":22,"column":72}},"7":{"start":{"line":23,"column":0},"end":{"line":23,"column":82}}},"fnMap":{},"branchMap":{},"s":{"0":3,"1":3,"2":3,"3":3,"4":3,"5":3,"6":3,"7":3},"f":{},"b":{},"_coverageSchema":"1a1c01bbd47fc00a2c39e90264f33305004495a9","hash":"5f6b9ae7801f1a2afb056628351da155776f48e0"}
,"C:\\Users\\ASUS\\Desktop\\Dewhara CSSE\\CSSE\\CSSE\\backend\\utils\\generatePDFReport.js": {"path":"C:\\Users\\ASUS\\Desktop\\Dewhara CSSE\\CSSE\\CSSE\\backend\\utils\\generatePDFReport.js","statementMap":{"0":{"start":{"line":5,"column":26},"end":{"line":43,"column":1}},"1":{"start":{"line":6,"column":14},"end":{"line":6,"column":31}},"2":{"start":{"line":9,"column":2},"end":{"line":9,"column":43}},"3":{"start":{"line":12,"column":2},"end":{"line":12,"column":72}},"4":{"start":{"line":13,"column":2},"end":{"line":13,"column":17}},"5":{"start":{"line":16,"column":2},"end":{"line":16,"column":59}},"6":{"start":{"line":17,"column":2},"end":{"line":17,"column":17}},"7":{"start":{"line":20,"column":2},"end":{"line":20,"column":54}},"8":{"start":{"line":21,"column":2},"end":{"line":21,"column":17}},"9":{"start":{"line":24,"column":2},"end":{"line":24,"column":58}},"10":{"start":{"line":25,"column":2},"end":{"line":27,"column":5}},"11":{"start":{"line":26,"column":4},"end":{"line":26,"column":88}},"12":{"start":{"line":29,"column":2},"end":{"line":29,"column":17}},"13":{"start":{"line":30,"column":2},"end":{"line":30,"column":55}},"14":{"start":{"line":31,"column":2},"end":{"line":33,"column":5}},"15":{"start":{"line":32,"column":4},"end":{"line":32,"column":77}},"16":{"start":{"line":35,"column":2},"end":{"line":35,"column":17}},"17":{"start":{"line":36,"column":2},"end":{"line":36,"column":70}},"18":{"start":{"line":37,"column":2},"end":{"line":39,"column":5}},"19":{"start":{"line":38,"column":4},"end":{"line":38,"column":99}},"20":{"start":{"line":42,"column":2},"end":{"line":42,"column":12}}},"fnMap":{"0":{"name":"(anonymous_0)","decl":{"start":{"line":5,"column":26},"end":{"line":5,"column":27}},"loc":{"start":{"line":5,"column":46},"end":{"line":43,"column":1}},"line":5},"1":{"name":"(anonymous_1)","decl":{"start":{"line":25,"column":24},"end":{"line":25,"column":25}},"loc":{"start":{"line":25,"column":37},"end":{"line":27,"column":3}},"line":25},"2":{"name":"(anonymous_2)","decl":{"start":{"line":31,"column":21},"end":{"line":31,"column":22}},"loc":{"start":{"line":31,"column":31},"end":{"line":33,"column":3}},"line":31},"3":{"name":"(anonymous_3)","decl":{"start":{"line":37,"column":25},"end":{"line":37,"column":26}},"loc":{"start":{"line":37,"column":39},"end":{"line":39,"column":3}},"line":37}},"branchMap":{},"s":{"0":3,"1":0,"2":0,"3":0,"4":0,"5":0,"6":0,"7":0,"8":0,"9":0,"10":0,"11":0,"12":0,"13":0,"14":0,"15":0,"16":0,"17":0,"18":0,"19":0,"20":0},"f":{"0":0,"1":0,"2":0,"3":0},"b":{},"_coverageSchema":"1a1c01bbd47fc00a2c39e90264f33305004495a9","hash":"319b6fa16d58a0754e87143ba1caf6926f29a063"}
,"C:\\Users\\ASUS\\Desktop\\Dewhara CSSE\\CSSE\\CSSE\\backend\\utils\\generateReport.js": {"path":"C:\\Users\\ASUS\\Desktop\\Dewhara CSSE\\CSSE\\CSSE\\backend\\utils\\generateReport.js","statementMap":{"0":{"start":{"line":9,"column":27},"end":{"line":56,"column":1}},"1":{"start":{"line":12,"column":2},"end":{"line":29,"column":3}},"2":{"start":{"line":14,"column":28},"end":{"line":14,"column":47}},"3":{"start":{"line":15,"column":6},"end":{"line":15,"column":47}},"4":{"start":{"line":16,"column":6},"end":{"line":16,"column":41}},"5":{"start":{"line":17,"column":6},"end":{"line":17,"column":12}},"6":{"start":{"line":19,"column":6},"end":{"line":19,"column":43}},"7":{"start":{"line":20,"column":6},"end":{"line":20,"column":43}},"8":{"start":{"line":21,"column":6},"end":{"line":21,"column":12}},"9":{"start":{"line":23,"column":27},"end":{"line":23,"column":46}},"10":{"start":{"line":24,"column":6},"end":{"line":24,"column":41}},"11":{"start":{"line":25,"column":6},"end":{"line":25,"column":37}},"12":{"start":{"line":26,"column":6},"end":{"line":26,"column":12}},"13":{"start":{"line":28,"column":6},"end":{"line":28,"column":45}},"14":{"start":{"line":32,"column":20},"end":{"line":48,"column":4}},"15":{"start":{"line":51,"column":2},"end":{"line":55,"column":6}},"16":{"start":{"line":51,"column":34},"end":{"line":55,"column":3}}},"fnMap":{"0":{"name":"(anonymous_0)","decl":{"start":{"line":9,"column":27},"end":{"line":9,"column":28}},"loc":{"start":{"line":9,"column":59},"end":{"line":56,"column":1}},"line":9},"1":{"name":"(anonymous_1)","decl":{"start":{"line":51,"column":23},"end":{"line":51,"column":24}},"loc":{"start":{"line":51,"column":34},"end":{"line":55,"column":3}},"line":51}},"branchMap":{"0":{"loc":{"start":{"line":12,"column":2},"end":{"line":29,"column":3}},"type":"switch","locations":[{"start":{"line":13,"column":4},"end":{"line":17,"column":12}},{"start":{"line":18,"column":4},"end":{"line":21,"column":12}},{"start":{"line":22,"column":4},"end":{"line":26,"column":12}},{"start":{"line":27,"column":4},"end":{"line":28,"column":45}}],"line":12}},"s":{"0":3,"1":0,"2":0,"3":0,"4":0,"5":0,"6":0,"7":0,"8":0,"9":0,"10":0,"11":0,"12":0,"13":0,"14":0,"15":0,"16":0},"f":{"0":0,"1":0},"b":{"0":[0,0,0,0]},"_coverageSchema":"1a1c01bbd47fc00a2c39e90264f33305004495a9","hash":"9be4c5b5a9872117d22582c68fdd1636d76c2e9d"}
,"C:\\Users\\ASUS\\Desktop\\Dewhara CSSE\\CSSE\\CSSE\\backend\\utils\\notification.js": {"path":"C:\\Users\\ASUS\\Desktop\\Dewhara CSSE\\CSSE\\CSSE\\backend\\utils\\notification.js","statementMap":{"0":{"start":{"line":2,"column":32},"end":{"line":5,"column":1}},"1":{"start":{"line":3,"column":2},"end":{"line":3,"column":53}}},"fnMap":{"0":{"name":"(anonymous_0)","decl":{"start":{"line":2,"column":32},"end":{"line":2,"column":33}},"loc":{"start":{"line":2,"column":52},"end":{"line":5,"column":1}},"line":2}},"branchMap":{},"s":{"0":3,"1":0},"f":{"0":0},"b":{},"_coverageSchema":"1a1c01bbd47fc00a2c39e90264f33305004495a9","hash":"3b1439af956466b79844de455778316c8e5f4873"}
}
